2025-01-17 12:59:12 [error]: TypeError: error_handler_1.BadRequestError is not a constructor
    at D:\PROJECTS\ABELYF\ERP\erp-backend\src\controllers\user.controllers.ts:16:15
    at Generator.next (<anonymous>)
    at fulfilled (D:\PROJECTS\ABELYF\ERP\erp-backend\src\controllers\user.controllers.ts:5:58)
    at processTicksAndRejections (node:internal/process/task_queues:95:5)
2025-01-17 12:59:55 [error]: TypeError: error_handler_1.BadRequestError is not a constructor
    at D:\PROJECTS\ABELYF\ERP\erp-backend\src\controllers\user.controllers.ts:16:15
    at Generator.next (<anonymous>)
    at fulfilled (D:\PROJECTS\ABELYF\ERP\erp-backend\src\controllers\user.controllers.ts:5:58)
    at processTicksAndRejections (node:internal/process/task_queues:95:5)
2025-01-17 13:01:50 [error]: TypeError: error_handler_1.BadRequestError is not a constructor
    at D:\PROJECTS\ABELYF\ERP\erp-backend\src\controllers\user.controllers.ts:18:15
    at Generator.next (<anonymous>)
    at fulfilled (D:\PROJECTS\ABELYF\ERP\erp-backend\src\controllers\user.controllers.ts:5:58)
    at processTicksAndRejections (node:internal/process/task_queues:95:5)
2025-01-17 13:06:32 [error]: TypeError: error_handler_1.BadRequestError is not a constructor
    at D:\PROJECTS\ABELYF\ERP\erp-backend\src\controllers\user.controllers.ts:18:15
    at Generator.next (<anonymous>)
    at fulfilled (D:\PROJECTS\ABELYF\ERP\erp-backend\src\controllers\user.controllers.ts:5:58)
    at processTicksAndRejections (node:internal/process/task_queues:95:5)
2025-01-17 13:18:21 [error]: TypeError: error_handler_1.BadRequestError is not a constructor
    at D:\PROJECTS\ABELYF\ERP\erp-backend\src\controllers\user.controllers.ts:18:15
    at Generator.next (<anonymous>)
    at fulfilled (D:\PROJECTS\ABELYF\ERP\erp-backend\src\controllers\user.controllers.ts:5:58)
    at processTicksAndRejections (node:internal/process/task_queues:95:5)
2025-01-17 13:20:48 [error]: TypeError: error_handler_1.BadRequestError is not a constructor
    at D:\PROJECTS\ABELYF\ERP\erp-backend\src\controllers\user.controllers.ts:18:15
    at Generator.next (<anonymous>)
    at fulfilled (D:\PROJECTS\ABELYF\ERP\erp-backend\src\controllers\user.controllers.ts:5:58)
    at processTicksAndRejections (node:internal/process/task_queues:95:5)
2025-02-03 14:29:25 [error]: TSError: тип Unable to compile TypeScript:
[96msrc/route.ts[0m:[93m3[0m:[93m10[0m - [91merror[0m[90m TS2300: [0mDuplicate identifier 'inventoryRoutes'.

[7m3[0m import { inventoryRoutes } from "./routes/inventory";
[7m [0m [91m         ~~~~~~~~~~~~~~~[0m
[96msrc/route.ts[0m:[93m4[0m:[93m10[0m - [91merror[0m[90m TS2300: [0mDuplicate identifier 'inventoryRoutes'.

[7m4[0m import { inventoryRoutes } from "./routes/inventory";
[7m [0m [91m         ~~~~~~~~~~~~~~~[0m

    at createTSError (C:\Users\rushd\OneDrive\Desktop\AbleLYF\All Marts\erp-backend\node_modules\ts-node\src\index.ts:859:12)
    at reportTSError (C:\Users\rushd\OneDrive\Desktop\AbleLYF\All Marts\erp-backend\node_modules\ts-node\src\index.ts:863:19)
    at getOutput (C:\Users\rushd\OneDrive\Desktop\AbleLYF\All Marts\erp-backend\node_modules\ts-node\src\index.ts:1077:36)
    at Object.compile (C:\Users\rushd\OneDrive\Desktop\AbleLYF\All Marts\erp-backend\node_modules\ts-node\src\index.ts:1433:41)
    at Module.m._compile (C:\Users\rushd\OneDrive\Desktop\AbleLYF\All Marts\erp-backend\node_modules\ts-node\src\index.ts:1617:30)
    at Module._extensions..js (node:internal/modules/cjs/loader:1416:10)
    at Object.require.extensions.<computed> [as .ts] (C:\Users\rushd\OneDrive\Desktop\AbleLYF\All Marts\erp-backend\node_modules\ts-node\src\index.ts:1621:12)
    at Module.load (node:internal/modules/cjs/loader:1208:32)
    at Function.Module._load (node:internal/modules/cjs/loader:1024:12)
    at Module.require (node:internal/modules/cjs/loader:1233:19)
2025-02-03 14:29:56 [error]: TSError: тип Unable to compile TypeScript:
[96msrc/repositories/warehouseRepository.ts[0m:[93m1[0m:[93m23[0m - [91merror[0m[90m TS2307: [0mCannot find module '../models/Warehouse.model' or its corresponding type declarations.

[7m1[0m import Warehouse from "../models/Warehouse.model";
[7m [0m [91m                      ~~~~~~~~~~~~~~~~~~~~~~~~~~~[0m

    at createTSError (C:\Users\rushd\OneDrive\Desktop\AbleLYF\All Marts\erp-backend\node_modules\ts-node\src\index.ts:859:12)
    at reportTSError (C:\Users\rushd\OneDrive\Desktop\AbleLYF\All Marts\erp-backend\node_modules\ts-node\src\index.ts:863:19)
    at getOutput (C:\Users\rushd\OneDrive\Desktop\AbleLYF\All Marts\erp-backend\node_modules\ts-node\src\index.ts:1077:36)
    at Object.compile (C:\Users\rushd\OneDrive\Desktop\AbleLYF\All Marts\erp-backend\node_modules\ts-node\src\index.ts:1433:41)
    at Module.m._compile (C:\Users\rushd\OneDrive\Desktop\AbleLYF\All Marts\erp-backend\node_modules\ts-node\src\index.ts:1617:30)
    at Module._extensions..js (node:internal/modules/cjs/loader:1416:10)
    at Object.require.extensions.<computed> [as .ts] (C:\Users\rushd\OneDrive\Desktop\AbleLYF\All Marts\erp-backend\node_modules\ts-node\src\index.ts:1621:12)
    at Module.load (node:internal/modules/cjs/loader:1208:32)
    at Function.Module._load (node:internal/modules/cjs/loader:1024:12)
    at Module.require (node:internal/modules/cjs/loader:1233:19)
2025-02-03 14:30:09 [error]: TSError: тип Unable to compile TypeScript:
[96msrc/repositories/warehouseRepository.ts[0m:[93m1[0m:[93m23[0m - [91merror[0m[90m TS2307: [0mCannot find module '../models/Warehouse.model' or its corresponding type declarations.

[7m1[0m import Warehouse from "../models/Warehouse.model";
[7m [0m [91m                      ~~~~~~~~~~~~~~~~~~~~~~~~~~~[0m

    at createTSError (C:\Users\rushd\OneDrive\Desktop\AbleLYF\All Marts\erp-backend\node_modules\ts-node\src\index.ts:859:12)
    at reportTSError (C:\Users\rushd\OneDrive\Desktop\AbleLYF\All Marts\erp-backend\node_modules\ts-node\src\index.ts:863:19)
    at getOutput (C:\Users\rushd\OneDrive\Desktop\AbleLYF\All Marts\erp-backend\node_modules\ts-node\src\index.ts:1077:36)
    at Object.compile (C:\Users\rushd\OneDrive\Desktop\AbleLYF\All Marts\erp-backend\node_modules\ts-node\src\index.ts:1433:41)
    at Module.m._compile (C:\Users\rushd\OneDrive\Desktop\AbleLYF\All Marts\erp-backend\node_modules\ts-node\src\index.ts:1617:30)
    at Module._extensions..js (node:internal/modules/cjs/loader:1416:10)
    at Object.require.extensions.<computed> [as .ts] (C:\Users\rushd\OneDrive\Desktop\AbleLYF\All Marts\erp-backend\node_modules\ts-node\src\index.ts:1621:12)
    at Module.load (node:internal/modules/cjs/loader:1208:32)
    at Function.Module._load (node:internal/modules/cjs/loader:1024:12)
    at Module.require (node:internal/modules/cjs/loader:1233:19)
2025-02-03 14:30:21 [error]: TSError: тип Unable to compile TypeScript:
[96msrc/repositories/warehouseRepository.ts[0m:[93m1[0m:[93m23[0m - [91merror[0m[90m TS2307: [0mCannot find module '../models/Warehouse.model' or its corresponding type declarations.

[7m1[0m import Warehouse from "../models/Warehouse.model";
[7m [0m [91m                      ~~~~~~~~~~~~~~~~~~~~~~~~~~~[0m

    at createTSError (C:\Users\rushd\OneDrive\Desktop\AbleLYF\All Marts\erp-backend\node_modules\ts-node\src\index.ts:859:12)
    at reportTSError (C:\Users\rushd\OneDrive\Desktop\AbleLYF\All Marts\erp-backend\node_modules\ts-node\src\index.ts:863:19)
    at getOutput (C:\Users\rushd\OneDrive\Desktop\AbleLYF\All Marts\erp-backend\node_modules\ts-node\src\index.ts:1077:36)
    at Object.compile (C:\Users\rushd\OneDrive\Desktop\AbleLYF\All Marts\erp-backend\node_modules\ts-node\src\index.ts:1433:41)
    at Module.m._compile (C:\Users\rushd\OneDrive\Desktop\AbleLYF\All Marts\erp-backend\node_modules\ts-node\src\index.ts:1617:30)
    at Module._extensions..js (node:internal/modules/cjs/loader:1416:10)
    at Object.require.extensions.<computed> [as .ts] (C:\Users\rushd\OneDrive\Desktop\AbleLYF\All Marts\erp-backend\node_modules\ts-node\src\index.ts:1621:12)
    at Module.load (node:internal/modules/cjs/loader:1208:32)
    at Function.Module._load (node:internal/modules/cjs/loader:1024:12)
    at Module.require (node:internal/modules/cjs/loader:1233:19)
2025-02-03 14:31:06 [error]: TSError: тип Unable to compile TypeScript:
[96msrc/repositories/warehouseRepository.ts[0m:[93m1[0m:[93m8[0m - [91merror[0m[90m TS1192: [0mModule '"C:/Users/rushd/OneDrive/Desktop/AbleLYF/All Marts/erp-backend/src/models/Warehouse"' has no default export.

[7m1[0m import Warehouse from "../models/Warehouse";
[7m [0m [91m       ~~~~~~~~~[0m

    at createTSError (C:\Users\rushd\OneDrive\Desktop\AbleLYF\All Marts\erp-backend\node_modules\ts-node\src\index.ts:859:12)
    at reportTSError (C:\Users\rushd\OneDrive\Desktop\AbleLYF\All Marts\erp-backend\node_modules\ts-node\src\index.ts:863:19)
    at getOutput (C:\Users\rushd\OneDrive\Desktop\AbleLYF\All Marts\erp-backend\node_modules\ts-node\src\index.ts:1077:36)
    at Object.compile (C:\Users\rushd\OneDrive\Desktop\AbleLYF\All Marts\erp-backend\node_modules\ts-node\src\index.ts:1433:41)
    at Module.m._compile (C:\Users\rushd\OneDrive\Desktop\AbleLYF\All Marts\erp-backend\node_modules\ts-node\src\index.ts:1617:30)
    at Module._extensions..js (node:internal/modules/cjs/loader:1416:10)
    at Object.require.extensions.<computed> [as .ts] (C:\Users\rushd\OneDrive\Desktop\AbleLYF\All Marts\erp-backend\node_modules\ts-node\src\index.ts:1621:12)
    at Module.load (node:internal/modules/cjs/loader:1208:32)
    at Function.Module._load (node:internal/modules/cjs/loader:1024:12)
    at Module.require (node:internal/modules/cjs/loader:1233:19)
2025-02-03 14:31:20 [error]: TSError: тип Unable to compile TypeScript:
[96msrc/repositories/warehouseRepository.ts[0m:[93m1[0m:[93m23[0m - [91merror[0m[90m TS2307: [0mCannot find module '../models/Warehouse.model' or its corresponding type declarations.

[7m1[0m import Warehouse from "../models/Warehouse.model";
[7m [0m [91m                      ~~~~~~~~~~~~~~~~~~~~~~~~~~~[0m

    at createTSError (C:\Users\rushd\OneDrive\Desktop\AbleLYF\All Marts\erp-backend\node_modules\ts-node\src\index.ts:859:12)
    at reportTSError (C:\Users\rushd\OneDrive\Desktop\AbleLYF\All Marts\erp-backend\node_modules\ts-node\src\index.ts:863:19)
    at getOutput (C:\Users\rushd\OneDrive\Desktop\AbleLYF\All Marts\erp-backend\node_modules\ts-node\src\index.ts:1077:36)
    at Object.compile (C:\Users\rushd\OneDrive\Desktop\AbleLYF\All Marts\erp-backend\node_modules\ts-node\src\index.ts:1433:41)
    at Module.m._compile (C:\Users\rushd\OneDrive\Desktop\AbleLYF\All Marts\erp-backend\node_modules\ts-node\src\index.ts:1617:30)
    at Module._extensions..js (node:internal/modules/cjs/loader:1416:10)
    at Object.require.extensions.<computed> [as .ts] (C:\Users\rushd\OneDrive\Desktop\AbleLYF\All Marts\erp-backend\node_modules\ts-node\src\index.ts:1621:12)
    at Module.load (node:internal/modules/cjs/loader:1208:32)
    at Function.Module._load (node:internal/modules/cjs/loader:1024:12)
    at Module.require (node:internal/modules/cjs/loader:1233:19)
2025-02-03 14:31:40 [error]: TSError: тип Unable to compile TypeScript:
[96msrc/repositories/warehouseRepository.ts[0m:[93m1[0m:[93m8[0m - [91merror[0m[90m TS1192: [0mModule '"C:/Users/rushd/OneDrive/Desktop/AbleLYF/All Marts/erp-backend/src/models/Warehouse"' has no default export.

[7m1[0m import Warehouse from "../models/Warehouse";
[7m [0m [91m       ~~~~~~~~~[0m

    at createTSError (C:\Users\rushd\OneDrive\Desktop\AbleLYF\All Marts\erp-backend\node_modules\ts-node\src\index.ts:859:12)
    at reportTSError (C:\Users\rushd\OneDrive\Desktop\AbleLYF\All Marts\erp-backend\node_modules\ts-node\src\index.ts:863:19)
    at getOutput (C:\Users\rushd\OneDrive\Desktop\AbleLYF\All Marts\erp-backend\node_modules\ts-node\src\index.ts:1077:36)
    at Object.compile (C:\Users\rushd\OneDrive\Desktop\AbleLYF\All Marts\erp-backend\node_modules\ts-node\src\index.ts:1433:41)
    at Module.m._compile (C:\Users\rushd\OneDrive\Desktop\AbleLYF\All Marts\erp-backend\node_modules\ts-node\src\index.ts:1617:30)
    at Module._extensions..js (node:internal/modules/cjs/loader:1416:10)
    at Object.require.extensions.<computed> [as .ts] (C:\Users\rushd\OneDrive\Desktop\AbleLYF\All Marts\erp-backend\node_modules\ts-node\src\index.ts:1621:12)
    at Module.load (node:internal/modules/cjs/loader:1208:32)
    at Function.Module._load (node:internal/modules/cjs/loader:1024:12)
    at Module.require (node:internal/modules/cjs/loader:1233:19)
2025-02-03 14:32:42 [error]: TSError: тип Unable to compile TypeScript:
[96msrc/repositories/warehouseRepository.ts[0m:[93m1[0m:[93m8[0m - [91merror[0m[90m TS1192: [0mModule '"C:/Users/rushd/OneDrive/Desktop/AbleLYF/All Marts/erp-backend/src/models/Warehouse"' has no default export.

[7m1[0m import Warehouse from "../models/Warehouse";
[7m [0m [91m       ~~~~~~~~~[0m

    at createTSError (C:\Users\rushd\OneDrive\Desktop\AbleLYF\All Marts\erp-backend\node_modules\ts-node\src\index.ts:859:12)
    at reportTSError (C:\Users\rushd\OneDrive\Desktop\AbleLYF\All Marts\erp-backend\node_modules\ts-node\src\index.ts:863:19)
    at getOutput (C:\Users\rushd\OneDrive\Desktop\AbleLYF\All Marts\erp-backend\node_modules\ts-node\src\index.ts:1077:36)
    at Object.compile (C:\Users\rushd\OneDrive\Desktop\AbleLYF\All Marts\erp-backend\node_modules\ts-node\src\index.ts:1433:41)
    at Module.m._compile (C:\Users\rushd\OneDrive\Desktop\AbleLYF\All Marts\erp-backend\node_modules\ts-node\src\index.ts:1617:30)
    at Module._extensions..js (node:internal/modules/cjs/loader:1416:10)
    at Object.require.extensions.<computed> [as .ts] (C:\Users\rushd\OneDrive\Desktop\AbleLYF\All Marts\erp-backend\node_modules\ts-node\src\index.ts:1621:12)
    at Module.load (node:internal/modules/cjs/loader:1208:32)
    at Function.Module._load (node:internal/modules/cjs/loader:1024:12)
    at Module.require (node:internal/modules/cjs/loader:1233:19)
2025-02-03 14:33:30 [error]: TSError: тип Unable to compile TypeScript:
[96msrc/repositories/warehouseRepository.ts[0m:[93m1[0m:[93m8[0m - [91merror[0m[90m TS1192: [0mModule '"C:/Users/rushd/OneDrive/Desktop/AbleLYF/All Marts/erp-backend/src/models/Warehouse"' has no default export.

[7m1[0m import Warehouse from "../models/Warehouse";
[7m [0m [91m       ~~~~~~~~~[0m

    at createTSError (C:\Users\rushd\OneDrive\Desktop\AbleLYF\All Marts\erp-backend\node_modules\ts-node\src\index.ts:859:12)
    at reportTSError (C:\Users\rushd\OneDrive\Desktop\AbleLYF\All Marts\erp-backend\node_modules\ts-node\src\index.ts:863:19)
    at getOutput (C:\Users\rushd\OneDrive\Desktop\AbleLYF\All Marts\erp-backend\node_modules\ts-node\src\index.ts:1077:36)
    at Object.compile (C:\Users\rushd\OneDrive\Desktop\AbleLYF\All Marts\erp-backend\node_modules\ts-node\src\index.ts:1433:41)
    at Module.m._compile (C:\Users\rushd\OneDrive\Desktop\AbleLYF\All Marts\erp-backend\node_modules\ts-node\src\index.ts:1617:30)
    at Module._extensions..js (node:internal/modules/cjs/loader:1416:10)
    at Object.require.extensions.<computed> [as .ts] (C:\Users\rushd\OneDrive\Desktop\AbleLYF\All Marts\erp-backend\node_modules\ts-node\src\index.ts:1621:12)
    at Module.load (node:internal/modules/cjs/loader:1208:32)
    at Function.Module._load (node:internal/modules/cjs/loader:1024:12)
    at Module.require (node:internal/modules/cjs/loader:1233:19)
2025-02-03 14:34:05 [error]: TSError: тип Unable to compile TypeScript:
[96msrc/models/Warehouse.ts[0m:[93m11[0m:[93m16[0m - [91merror[0m[90m TS2304: [0mCannot find name 'Warehouse'.

[7m11[0m export default Warehouse;
[7m  [0m [91m               ~~~~~~~~~[0m

    at createTSError (C:\Users\rushd\OneDrive\Desktop\AbleLYF\All Marts\erp-backend\node_modules\ts-node\src\index.ts:859:12)
    at reportTSError (C:\Users\rushd\OneDrive\Desktop\AbleLYF\All Marts\erp-backend\node_modules\ts-node\src\index.ts:863:19)
    at getOutput (C:\Users\rushd\OneDrive\Desktop\AbleLYF\All Marts\erp-backend\node_modules\ts-node\src\index.ts:1077:36)
    at Object.compile (C:\Users\rushd\OneDrive\Desktop\AbleLYF\All Marts\erp-backend\node_modules\ts-node\src\index.ts:1433:41)
    at Module.m._compile (C:\Users\rushd\OneDrive\Desktop\AbleLYF\All Marts\erp-backend\node_modules\ts-node\src\index.ts:1617:30)
    at Module._extensions..js (node:internal/modules/cjs/loader:1416:10)
    at Object.require.extensions.<computed> [as .ts] (C:\Users\rushd\OneDrive\Desktop\AbleLYF\All Marts\erp-backend\node_modules\ts-node\src\index.ts:1621:12)
    at Module.load (node:internal/modules/cjs/loader:1208:32)
    at Function.Module._load (node:internal/modules/cjs/loader:1024:12)
    at Module.require (node:internal/modules/cjs/loader:1233:19)
2025-02-03 14:34:46 [error]: TSError: тип Unable to compile TypeScript:
[96msrc/models/Warehouse.ts[0m:[93m10[0m:[93m34[0m - [91merror[0m[90m TS2304: [0mCannot find name 'IInventory'.

[7m10[0m const Warehouse = mongoose.model<IInventory>('Warehouse', warehouseSchema);
[7m  [0m [91m                                 ~~~~~~~~~~[0m

    at createTSError (C:\Users\rushd\OneDrive\Desktop\AbleLYF\All Marts\erp-backend\node_modules\ts-node\src\index.ts:859:12)
    at reportTSError (C:\Users\rushd\OneDrive\Desktop\AbleLYF\All Marts\erp-backend\node_modules\ts-node\src\index.ts:863:19)
    at getOutput (C:\Users\rushd\OneDrive\Desktop\AbleLYF\All Marts\erp-backend\node_modules\ts-node\src\index.ts:1077:36)
    at Object.compile (C:\Users\rushd\OneDrive\Desktop\AbleLYF\All Marts\erp-backend\node_modules\ts-node\src\index.ts:1433:41)
    at Module.m._compile (C:\Users\rushd\OneDrive\Desktop\AbleLYF\All Marts\erp-backend\node_modules\ts-node\src\index.ts:1617:30)
    at Module._extensions..js (node:internal/modules/cjs/loader:1416:10)
    at Object.require.extensions.<computed> [as .ts] (C:\Users\rushd\OneDrive\Desktop\AbleLYF\All Marts\erp-backend\node_modules\ts-node\src\index.ts:1621:12)
    at Module.load (node:internal/modules/cjs/loader:1208:32)
    at Function.Module._load (node:internal/modules/cjs/loader:1024:12)
    at Module.require (node:internal/modules/cjs/loader:1233:19)
2025-02-03 14:34:57 [error]: TSError: тип Unable to compile TypeScript:
[96msrc/repositories/warehouseRepository.ts[0m:[93m55[0m:[93m28[0m - [91merror[0m[90m TS2339: [0mProperty 'currentStock' does not exist on type 'Document<unknown, {}, IWarehouse> & IWarehouse & Required<{ _id: unknown; }> & { __v: number; }'.

[7m55[0m         if ((fromWarehouse.currentStock ?? 0) < stockQuantity) {
[7m  [0m [91m                           ~~~~~~~~~~~~[0m

    at createTSError (C:\Users\rushd\OneDrive\Desktop\AbleLYF\All Marts\erp-backend\node_modules\ts-node\src\index.ts:859:12)
    at reportTSError (C:\Users\rushd\OneDrive\Desktop\AbleLYF\All Marts\erp-backend\node_modules\ts-node\src\index.ts:863:19)
    at getOutput (C:\Users\rushd\OneDrive\Desktop\AbleLYF\All Marts\erp-backend\node_modules\ts-node\src\index.ts:1077:36)
    at Object.compile (C:\Users\rushd\OneDrive\Desktop\AbleLYF\All Marts\erp-backend\node_modules\ts-node\src\index.ts:1433:41)
    at Module.m._compile (C:\Users\rushd\OneDrive\Desktop\AbleLYF\All Marts\erp-backend\node_modules\ts-node\src\index.ts:1617:30)
    at Module._extensions..js (node:internal/modules/cjs/loader:1416:10)
    at Object.require.extensions.<computed> [as .ts] (C:\Users\rushd\OneDrive\Desktop\AbleLYF\All Marts\erp-backend\node_modules\ts-node\src\index.ts:1621:12)
    at Module.load (node:internal/modules/cjs/loader:1208:32)
    at Function.Module._load (node:internal/modules/cjs/loader:1024:12)
    at Module.require (node:internal/modules/cjs/loader:1233:19)
2025-03-02 20:54:25 [error]: TSError: тип Unable to compile TypeScript:
[96msrc/route.ts[0m:[93m5[0m:[93m31[0m - [91merror[0m[90m TS2306: [0mFile 'D:/React/New folder/ERP/erp-backend/src/routes/product.ts' is not a module.

[7m5[0m import { productRoutes } from "./routes/product";
[7m [0m [91m                              ~~~~~~~~~~~~~~~~~~[0m

    at createTSError (D:\React\New folder\ERP\erp-backend\node_modules\ts-node\src\index.ts:859:12)
    at reportTSError (D:\React\New folder\ERP\erp-backend\node_modules\ts-node\src\index.ts:863:19)
    at getOutput (D:\React\New folder\ERP\erp-backend\node_modules\ts-node\src\index.ts:1077:36)
    at Object.compile (D:\React\New folder\ERP\erp-backend\node_modules\ts-node\src\index.ts:1433:41)
    at Module.m._compile (D:\React\New folder\ERP\erp-backend\node_modules\ts-node\src\index.ts:1617:30)
    at node:internal/modules/cjs/loader:1706:10
    at Object.require.extensions.<computed> [as .ts] (D:\React\New folder\ERP\erp-backend\node_modules\ts-node\src\index.ts:1621:12)
    at Module.load (node:internal/modules/cjs/loader:1289:32)
    at Function._load (node:internal/modules/cjs/loader:1108:12)
    at TracingChannel.traceSync (node:diagnostics_channel:322:14)
2025-03-02 20:54:39 [error]: TSError: тип Unable to compile TypeScript:
[96msrc/route.ts[0m:[93m5[0m:[93m31[0m - [91merror[0m[90m TS2306: [0mFile 'D:/React/New folder/ERP/erp-backend/src/routes/product.ts' is not a module.

[7m5[0m import { productRoutes } from "./routes/product";
[7m [0m [91m                              ~~~~~~~~~~~~~~~~~~[0m

    at createTSError (D:\React\New folder\ERP\erp-backend\node_modules\ts-node\src\index.ts:859:12)
    at reportTSError (D:\React\New folder\ERP\erp-backend\node_modules\ts-node\src\index.ts:863:19)
    at getOutput (D:\React\New folder\ERP\erp-backend\node_modules\ts-node\src\index.ts:1077:36)
    at Object.compile (D:\React\New folder\ERP\erp-backend\node_modules\ts-node\src\index.ts:1433:41)
    at Module.m._compile (D:\React\New folder\ERP\erp-backend\node_modules\ts-node\src\index.ts:1617:30)
    at node:internal/modules/cjs/loader:1706:10
    at Object.require.extensions.<computed> [as .ts] (D:\React\New folder\ERP\erp-backend\node_modules\ts-node\src\index.ts:1621:12)
    at Module.load (node:internal/modules/cjs/loader:1289:32)
    at Function._load (node:internal/modules/cjs/loader:1108:12)
    at TracingChannel.traceSync (node:diagnostics_channel:322:14)
2025-03-02 20:54:56 [error]: TSError: тип Unable to compile TypeScript:
[96msrc/route.ts[0m:[93m5[0m:[93m31[0m - [91merror[0m[90m TS2306: [0mFile 'D:/React/New folder/ERP/erp-backend/src/routes/product.ts' is not a module.

[7m5[0m import { productRoutes } from "./routes/product";
[7m [0m [91m                              ~~~~~~~~~~~~~~~~~~[0m

    at createTSError (D:\React\New folder\ERP\erp-backend\node_modules\ts-node\src\index.ts:859:12)
    at reportTSError (D:\React\New folder\ERP\erp-backend\node_modules\ts-node\src\index.ts:863:19)
    at getOutput (D:\React\New folder\ERP\erp-backend\node_modules\ts-node\src\index.ts:1077:36)
    at Object.compile (D:\React\New folder\ERP\erp-backend\node_modules\ts-node\src\index.ts:1433:41)
    at Module.m._compile (D:\React\New folder\ERP\erp-backend\node_modules\ts-node\src\index.ts:1617:30)
    at node:internal/modules/cjs/loader:1706:10
    at Object.require.extensions.<computed> [as .ts] (D:\React\New folder\ERP\erp-backend\node_modules\ts-node\src\index.ts:1621:12)
    at Module.load (node:internal/modules/cjs/loader:1289:32)
    at Function._load (node:internal/modules/cjs/loader:1108:12)
    at TracingChannel.traceSync (node:diagnostics_channel:322:14)
2025-03-02 20:59:40 [error]: TSError: тип Unable to compile TypeScript:
[96msrc/route.ts[0m:[93m5[0m:[93m31[0m - [91merror[0m[90m TS2306: [0mFile 'D:/React/New folder/ERP/erp-backend/src/routes/product.ts' is not a module.

[7m5[0m import { productRoutes } from "./routes/product";
[7m [0m [91m                              ~~~~~~~~~~~~~~~~~~[0m

    at createTSError (D:\React\New folder\ERP\erp-backend\node_modules\ts-node\src\index.ts:859:12)
    at reportTSError (D:\React\New folder\ERP\erp-backend\node_modules\ts-node\src\index.ts:863:19)
    at getOutput (D:\React\New folder\ERP\erp-backend\node_modules\ts-node\src\index.ts:1077:36)
    at Object.compile (D:\React\New folder\ERP\erp-backend\node_modules\ts-node\src\index.ts:1433:41)
    at Module.m._compile (D:\React\New folder\ERP\erp-backend\node_modules\ts-node\src\index.ts:1617:30)
    at node:internal/modules/cjs/loader:1706:10
    at Object.require.extensions.<computed> [as .ts] (D:\React\New folder\ERP\erp-backend\node_modules\ts-node\src\index.ts:1621:12)
    at Module.load (node:internal/modules/cjs/loader:1289:32)
    at Function._load (node:internal/modules/cjs/loader:1108:12)
    at TracingChannel.traceSync (node:diagnostics_channel:322:14)
2025-03-02 21:00:02 [error]: TSError: тип Unable to compile TypeScript:
[96msrc/route.ts[0m:[93m5[0m:[93m31[0m - [91merror[0m[90m TS2306: [0mFile 'D:/React/New folder/ERP/erp-backend/src/routes/product.ts' is not a module.

[7m5[0m import { productRoutes } from "./routes/product";
[7m [0m [91m                              ~~~~~~~~~~~~~~~~~~[0m

    at createTSError (D:\React\New folder\ERP\erp-backend\node_modules\ts-node\src\index.ts:859:12)
    at reportTSError (D:\React\New folder\ERP\erp-backend\node_modules\ts-node\src\index.ts:863:19)
    at getOutput (D:\React\New folder\ERP\erp-backend\node_modules\ts-node\src\index.ts:1077:36)
    at Object.compile (D:\React\New folder\ERP\erp-backend\node_modules\ts-node\src\index.ts:1433:41)
    at Module.m._compile (D:\React\New folder\ERP\erp-backend\node_modules\ts-node\src\index.ts:1617:30)
    at node:internal/modules/cjs/loader:1706:10
    at Object.require.extensions.<computed> [as .ts] (D:\React\New folder\ERP\erp-backend\node_modules\ts-node\src\index.ts:1621:12)
    at Module.load (node:internal/modules/cjs/loader:1289:32)
    at Function._load (node:internal/modules/cjs/loader:1108:12)
    at TracingChannel.traceSync (node:diagnostics_channel:322:14)
2025-03-03 11:42:05 [error]: Error [ERR_HTTP_HEADERS_SENT]: Cannot set headers after they are sent to the client
    at ServerResponse.setHeader (node:_http_outgoing:699:11)
    at ServerResponse.header (F:\ERP\erp-backend\erp-backend\node_modules\express\lib\response.js:794:10)
    at ServerResponse.send (F:\ERP\erp-backend\erp-backend\node_modules\express\lib\response.js:174:12)
    at ServerResponse.json (F:\ERP\erp-backend\erp-backend\node_modules\express\lib\response.js:278:15)
    at F:\ERP\erp-backend\erp-backend\dist\controllers\inventory.controller.js:41:79
    at Generator.throw (<anonymous>)
    at rejected (F:\ERP\erp-backend\erp-backend\dist\controllers\inventory.controller.js:6:65)
    at process.processTicksAndRejections (node:internal/process/task_queues:105:5)
2025-03-03 14:13:31 [error]: Error: Cannot set headers after they are sent to the client
    at ServerResponse.setHeader (node:_http_outgoing:699:11)
    at ServerResponse.header (F:\ERP\erp-backend\erp-backend\node_modules\express\lib\response.js:794:10)
    at ServerResponse.send (F:\ERP\erp-backend\erp-backend\node_modules\express\lib\response.js:174:12)
    at ServerResponse.json (F:\ERP\erp-backend\erp-backend\node_modules\express\lib\response.js:278:15)
    at F:\ERP\erp-backend\erp-backend\src\controllers\product.controller.ts:32:21
    at Generator.throw (<anonymous>)
    at rejected (F:\ERP\erp-backend\erp-backend\src\controllers\product.controller.ts:6:65)
    at processTicksAndRejections (node:internal/process/task_queues:105:5)
2025-03-03 14:17:14 [error]: Error: Cannot set headers after they are sent to the client
    at ServerResponse.setHeader (node:_http_outgoing:699:11)
    at ServerResponse.header (F:\ERP\erp-backend\erp-backend\node_modules\express\lib\response.js:794:10)
    at ServerResponse.send (F:\ERP\erp-backend\erp-backend\node_modules\express\lib\response.js:174:12)
    at ServerResponse.json (F:\ERP\erp-backend\erp-backend\node_modules\express\lib\response.js:278:15)
    at F:\ERP\erp-backend\erp-backend\src\controllers\product.controller.ts:32:21
    at Generator.throw (<anonymous>)
    at rejected (F:\ERP\erp-backend\erp-backend\src\controllers\product.controller.ts:6:65)
    at processTicksAndRejections (node:internal/process/task_queues:105:5)
2025-03-03 14:17:52 [error]: Error: Cannot set headers after they are sent to the client
    at ServerResponse.setHeader (node:_http_outgoing:699:11)
    at ServerResponse.header (F:\ERP\erp-backend\erp-backend\node_modules\express\lib\response.js:794:10)
    at ServerResponse.send (F:\ERP\erp-backend\erp-backend\node_modules\express\lib\response.js:174:12)
    at ServerResponse.json (F:\ERP\erp-backend\erp-backend\node_modules\express\lib\response.js:278:15)
    at F:\ERP\erp-backend\erp-backend\src\controllers\product.controller.ts:32:21
    at Generator.throw (<anonymous>)
    at rejected (F:\ERP\erp-backend\erp-backend\src\controllers\product.controller.ts:6:65)
    at processTicksAndRejections (node:internal/process/task_queues:105:5)
2025-03-03 14:23:21 [error]: Error: Cannot set headers after they are sent to the client
    at ServerResponse.setHeader (node:_http_outgoing:699:11)
    at ServerResponse.header (F:\ERP\erp-backend\erp-backend\node_modules\express\lib\response.js:794:10)
    at ServerResponse.send (F:\ERP\erp-backend\erp-backend\node_modules\express\lib\response.js:174:12)
    at ServerResponse.json (F:\ERP\erp-backend\erp-backend\node_modules\express\lib\response.js:278:15)
    at F:\ERP\erp-backend\erp-backend\src\controllers\product.controller.ts:32:21
    at Generator.next (<anonymous>)
    at fulfilled (F:\ERP\erp-backend\erp-backend\src\controllers\product.controller.ts:5:58)
    at processTicksAndRejections (node:internal/process/task_queues:105:5)
2025-03-03 17:27:55 [error]: Error: Cannot set headers after they are sent to the client
    at ServerResponse.setHeader (node:_http_outgoing:699:11)
    at ServerResponse.header (F:\ERP\erp-backend\erp-backend\node_modules\express\lib\response.js:794:10)
    at ServerResponse.send (F:\ERP\erp-backend\erp-backend\node_modules\express\lib\response.js:174:12)
    at ServerResponse.json (F:\ERP\erp-backend\erp-backend\node_modules\express\lib\response.js:278:15)
    at F:\ERP\erp-backend\erp-backend\src\controllers\product.controller.ts:31:21
    at Generator.throw (<anonymous>)
    at rejected (F:\ERP\erp-backend\erp-backend\src\controllers\product.controller.ts:6:65)
    at processTicksAndRejections (node:internal/process/task_queues:105:5)
